[debug] [2025-10-27T17:54:06.035Z] ----------------------------------------------------------------------
[debug] [2025-10-27T17:54:06.040Z] Command:       C:\Program Files\nodejs\node.exe C:\Users\evagh\AppData\Roaming\npm\node_modules\firebase-tools\lib\bin\firebase.js emulators:start --only firestore
[debug] [2025-10-27T17:54:06.041Z] CLI Version:   14.20.0
[debug] [2025-10-27T17:54:06.041Z] Platform:      win32
[debug] [2025-10-27T17:54:06.041Z] Node Version:  v22.14.0
[debug] [2025-10-27T17:54:06.042Z] Time:          Mon Oct 27 2025 20:54:06 GMT+0300 (East Africa Time)
[debug] [2025-10-27T17:54:06.042Z] ----------------------------------------------------------------------
[debug] 
[debug] [2025-10-27T17:54:06.045Z] >>> [apiv2][query] GET https://firebase-public.firebaseio.com/cli.json [none]
[debug] [2025-10-27T17:54:06.633Z] > command requires scopes: ["email","openid","https://www.googleapis.com/auth/cloudplatformprojects.readonly","https://www.googleapis.com/auth/firebase","https://www.googleapis.com/auth/cloud-platform"]
[debug] [2025-10-27T17:54:06.634Z] > authorizing via signed-in user (evaghjiani@gmail.com)
[debug] [2025-10-27T17:54:06.849Z] java version "23.0.2" 2025-01-21

[debug] [2025-10-27T17:54:06.849Z] Java(TM) SE Runtime Environment (build 23.0.2+7-58)
Java HotSpot(TM) 64-Bit Server VM (build 23.0.2+7-58, mixed mode, sharing)

[debug] [2025-10-27T17:54:06.882Z] Parsed Java major version: 23
[info] i  emulators: Starting emulators: firestore {"metadata":{"emulator":{"name":"hub"},"message":"Starting emulators: firestore"}}
[debug] [2025-10-27T17:54:06.908Z] [logging] Logging Emulator only supports listening on one address (127.0.0.1). Not listening on ::1
[debug] [2025-10-27T17:54:06.908Z] [firestore] Firestore Emulator only supports listening on one address (127.0.0.1). Not listening on ::1
[debug] [2025-10-27T17:54:06.908Z] [firestore.websocket] websocket server for firestore only supports listening on one address (127.0.0.1). Not listening on ::1
[debug] [2025-10-27T17:54:06.908Z] assigned listening specs for emulators {"user":{"hub":[{"address":"127.0.0.1","family":"IPv4","port":4400},{"address":"::1","family":"IPv6","port":4400}],"ui":[{"address":"127.0.0.1","family":"IPv4","port":4000},{"address":"::1","family":"IPv6","port":4000}],"logging":[{"address":"127.0.0.1","family":"IPv4","port":4500}],"firestore":[{"address":"127.0.0.1","family":"IPv4","port":8080}],"firestore.websocket":[{"address":"127.0.0.1","family":"IPv4","port":9150}]},"metadata":{"message":"assigned listening specs for emulators"}}
[debug] [2025-10-27T17:54:06.920Z] Emulator locator file path: C:\Users\evagh\AppData\Local\Temp\hub-android-logreg.json
[debug] [2025-10-27T17:54:06.920Z] [hub] writing locator at C:\Users\evagh\AppData\Local\Temp\hub-android-logreg.json
[info] i  firestore: downloading cloud-firestore-emulator-v1.19.8.jar... {"metadata":{"emulator":{"name":"firestore"},"message":"downloading cloud-firestore-emulator-v1.19.8.jar..."}}
[debug] [2025-10-27T17:54:06.945Z] >>> [apiv2][query] GET https://storage.googleapis.com/firebase-preview-drop/emulator/cloud-firestore-emulator-v1.19.8.jar 
[debug] [2025-10-27T17:54:07.398Z] <<< [apiv2][status] GET https://firebase-public.firebaseio.com/cli.json 200
[debug] [2025-10-27T17:54:07.398Z] <<< [apiv2][body] GET https://firebase-public.firebaseio.com/cli.json {"cloudBuildErrorAfter":1594252800000,"cloudBuildWarnAfter":1590019200000,"defaultNode10After":1594252800000,"minVersion":"3.0.5","node8DeploysDisabledAfter":1613390400000,"node8RuntimeDisabledAfter":1615809600000,"node8WarnAfter":1600128000000}
[debug] [2025-10-27T17:54:07.889Z] <<< [apiv2][status] GET https://storage.googleapis.com/firebase-preview-drop/emulator/cloud-firestore-emulator-v1.19.8.jar 200
[debug] [2025-10-27T17:54:07.889Z] <<< [apiv2][body] GET https://storage.googleapis.com/firebase-preview-drop/emulator/cloud-firestore-emulator-v1.19.8.jar [stream]
[debug] [2025-10-27T17:54:48.125Z] Ignoring unsupported arg: auto_download {"metadata":{"emulator":{"name":"firestore"},"message":"Ignoring unsupported arg: auto_download"}}
[debug] [2025-10-27T17:54:48.126Z] Ignoring unsupported arg: single_project_mode_error {"metadata":{"emulator":{"name":"firestore"},"message":"Ignoring unsupported arg: single_project_mode_error"}}
[debug] [2025-10-27T17:54:48.126Z] Starting Firestore Emulator with command {"binary":"java","args":["-Dgoogle.cloud_firestore.debug_log_level=FINE","-Duser.language=en","-jar","C:\\Users\\evagh\\.cache\\firebase\\emulators\\cloud-firestore-emulator-v1.19.8.jar","--host","127.0.0.1","--port",8080,"--websocket_port",9150,"--project_id","android-logreg","--rules","C:\\Users\\evagh\\AndroidStudioProjects\\loginandregistration\\firestore.rules","--single_project_mode",true],"optionalArgs":["port","webchannel_port","host","rules","websocket_port","functions_emulator","seed_from_export","project_id","single_project_mode"],"joinArgs":false,"shell":false,"port":8080} {"metadata":{"emulator":{"name":"firestore"},"message":"Starting Firestore Emulator with command {\"binary\":\"java\",\"args\":[\"-Dgoogle.cloud_firestore.debug_log_level=FINE\",\"-Duser.language=en\",\"-jar\",\"C:\\\\Users\\\\evagh\\\\.cache\\\\firebase\\\\emulators\\\\cloud-firestore-emulator-v1.19.8.jar\",\"--host\",\"127.0.0.1\",\"--port\",8080,\"--websocket_port\",9150,\"--project_id\",\"android-logreg\",\"--rules\",\"C:\\\\Users\\\\evagh\\\\AndroidStudioProjects\\\\loginandregistration\\\\firestore.rules\",\"--single_project_mode\",true],\"optionalArgs\":[\"port\",\"webchannel_port\",\"host\",\"rules\",\"websocket_port\",\"functions_emulator\",\"seed_from_export\",\"project_id\",\"single_project_mode\"],\"joinArgs\":false,\"shell\":false,\"port\":8080}"}}
[info] i  firestore: Firestore Emulator logging to firestore-debug.log {"metadata":{"emulator":{"name":"firestore"},"message":"Firestore Emulator logging to \u001b[1mfirestore-debug.log\u001b[22m"}}
[info] +  firestore: Firestore Emulator UI websocket is running on 9150. {"metadata":{"emulator":{"name":"firestore"},"message":"Firestore Emulator UI websocket is running on 9150."}}
[info] i  ui: downloading ui-v1.15.0.zip... {"metadata":{"emulator":{"name":"ui"},"message":"downloading ui-v1.15.0.zip..."}}
[debug] [2025-10-27T17:54:51.604Z] >>> [apiv2][query] GET https://storage.googleapis.com/firebase-preview-drop/emulator/ui-v1.15.0.zip 
[debug] [2025-10-27T17:54:51.838Z] <<< [apiv2][status] GET https://storage.googleapis.com/firebase-preview-drop/emulator/ui-v1.15.0.zip 200
[debug] [2025-10-27T17:54:51.838Z] <<< [apiv2][body] GET https://storage.googleapis.com/firebase-preview-drop/emulator/ui-v1.15.0.zip [stream]
[debug] [2025-10-27T17:54:53.651Z] Data is 3538469
[debug] [2025-10-27T17:54:53.652Z] [unzip] Entry: client/ (compressed_size=0 bytes, uncompressed_size=0 bytes)
[debug] [2025-10-27T17:54:53.653Z] [unzip] Processing entry: client\
[debug] [2025-10-27T17:54:53.653Z] [unzip] mkdir: C:\Users\evagh\.cache\firebase\emulators\ui-v1.15.0\client\
[debug] [2025-10-27T17:54:53.654Z] [unzip] Entry: client/favicon-16x16.png (compressed_size=293 bytes, uncompressed_size=293 bytes)
[debug] [2025-10-27T17:54:53.654Z] [unzip] Processing entry: client\favicon-16x16.png
[debug] [2025-10-27T17:54:53.654Z] [unzip] else mkdir: C:\Users\evagh\.cache\firebase\emulators\ui-v1.15.0\client
[debug] [2025-10-27T17:54:53.655Z] [unzip] Writing file: C:\Users\evagh\.cache\firebase\emulators\ui-v1.15.0\client\favicon-16x16.png
[debug] [2025-10-27T17:54:53.656Z] [unzip] Entry: client/safari-pinned-tab.svg (compressed_size=1433 bytes, uncompressed_size=2611 bytes)
[debug] [2025-10-27T17:54:53.656Z] [unzip] Processing entry: client\safari-pinned-tab.svg
[debug] [2025-10-27T17:54:53.657Z] [unzip] else mkdir: C:\Users\evagh\.cache\firebase\emulators\ui-v1.15.0\client
[debug] [2025-10-27T17:54:53.657Z] [unzip] deflating: C:\Users\evagh\.cache\firebase\emulators\ui-v1.15.0\client\safari-pinned-tab.svg
[debug] [2025-10-27T17:54:53.668Z] [unzip] Entry: client/favicon.ico (compressed_size=2933 bytes, uncompressed_size=13294 bytes)
[debug] [2025-10-27T17:54:53.668Z] [unzip] Processing entry: client\favicon.ico
[debug] [2025-10-27T17:54:53.668Z] [unzip] else mkdir: C:\Users\evagh\.cache\firebase\emulators\ui-v1.15.0\client
[debug] [2025-10-27T17:54:53.669Z] [unzip] deflating: C:\Users\evagh\.cache\firebase\emulators\ui-v1.15.0\client\favicon.ico
[debug] [2025-10-27T17:54:53.677Z] [unzip] Entry: client/index.html (compressed_size=1364 bytes, uncompressed_size=3071 bytes)
[debug] [2025-10-27T17:54:53.677Z] [unzip] Processing entry: client\index.html
[debug] [2025-10-27T17:54:53.677Z] [unzip] else mkdir: C:\Users\evagh\.cache\firebase\emulators\ui-v1.15.0\client
[debug] [2025-10-27T17:54:53.677Z] [unzip] deflating: C:\Users\evagh\.cache\firebase\emulators\ui-v1.15.0\client\index.html
[debug] [2025-10-27T17:54:53.679Z] [unzip] Entry: client/android-chrome-192x192.png (compressed_size=2684 bytes, uncompressed_size=2684 bytes)
[debug] [2025-10-27T17:54:53.680Z] [unzip] Processing entry: client\android-chrome-192x192.png
[debug] [2025-10-27T17:54:53.680Z] [unzip] else mkdir: C:\Users\evagh\.cache\firebase\emulators\ui-v1.15.0\client
[debug] [2025-10-27T17:54:53.680Z] [unzip] Writing file: C:\Users\evagh\.cache\firebase\emulators\ui-v1.15.0\client\android-chrome-192x192.png
[debug] [2025-10-27T17:54:53.681Z] [unzip] Entry: client/apple-touch-icon.png (compressed_size=2123 bytes, uncompressed_size=2152 bytes)
[debug] [2025-10-27T17:54:53.682Z] [unzip] Processing entry: client\apple-touch-icon.png
[debug] [2025-10-27T17:54:53.682Z] [unzip] else mkdir: C:\Users\evagh\.cache\firebase\emulators\ui-v1.15.0\client
[debug] [2025-10-27T17:54:53.682Z] [unzip] deflating: C:\Users\evagh\.cache\firebase\emulators\ui-v1.15.0\client\apple-touch-icon.png
[debug] [2025-10-27T17:54:53.684Z] [unzip] Entry: client/android-chrome-512x512.png (compressed_size=5369 bytes, uncompressed_size=5411 bytes)
[debug] [2025-10-27T17:54:53.684Z] [unzip] Processing entry: client\android-chrome-512x512.png
[debug] [2025-10-27T17:54:53.684Z] [unzip] else mkdir: C:\Users\evagh\.cache\firebase\emulators\ui-v1.15.0\client
[debug] [2025-10-27T17:54:53.685Z] [unzip] deflating: C:\Users\evagh\.cache\firebase\emulators\ui-v1.15.0\client\android-chrome-512x512.png
[debug] [2025-10-27T17:54:53.686Z] [unzip] Entry: client/manifest.json (compressed_size=245 bytes, uncompressed_size=551 bytes)
[debug] [2025-10-27T17:54:53.686Z] [unzip] Processing entry: client\manifest.json
[debug] [2025-10-27T17:54:53.686Z] [unzip] else mkdir: C:\Users\evagh\.cache\firebase\emulators\ui-v1.15.0\client
[debug] [2025-10-27T17:54:53.687Z] [unzip] deflating: C:\Users\evagh\.cache\firebase\emulators\ui-v1.15.0\client\manifest.json
[debug] [2025-10-27T17:54:53.688Z] [unzip] Entry: client/robots.txt (compressed_size=26 bytes, uncompressed_size=26 bytes)
[debug] [2025-10-27T17:54:53.688Z] [unzip] Processing entry: client\robots.txt
[debug] [2025-10-27T17:54:53.688Z] [unzip] else mkdir: C:\Users\evagh\.cache\firebase\emulators\ui-v1.15.0\client
[debug] [2025-10-27T17:54:53.689Z] [unzip] Writing file: C:\Users\evagh\.cache\firebase\emulators\ui-v1.15.0\client\robots.txt
[debug] [2025-10-27T17:54:53.690Z] [unzip] Entry: client/mstile-150x150.png (compressed_size=2034 bytes, uncompressed_size=2034 bytes)
[debug] [2025-10-27T17:54:53.690Z] [unzip] Processing entry: client\mstile-150x150.png
[debug] [2025-10-27T17:54:53.690Z] [unzip] else mkdir: C:\Users\evagh\.cache\firebase\emulators\ui-v1.15.0\client
[debug] [2025-10-27T17:54:53.690Z] [unzip] Writing file: C:\Users\evagh\.cache\firebase\emulators\ui-v1.15.0\client\mstile-150x150.png
[debug] [2025-10-27T17:54:53.691Z] [unzip] Entry: client/assets/ (compressed_size=0 bytes, uncompressed_size=0 bytes)
[debug] [2025-10-27T17:54:53.691Z] [unzip] Processing entry: client\assets\
[debug] [2025-10-27T17:54:53.691Z] [unzip] mkdir: C:\Users\evagh\.cache\firebase\emulators\ui-v1.15.0\client\assets\
[debug] [2025-10-27T17:54:53.692Z] [unzip] Entry: client/assets/index-BX-A56oj.js (compressed_size=582089 bytes, uncompressed_size=2092775 bytes)
[debug] [2025-10-27T17:54:53.692Z] [unzip] Processing entry: client\assets\index-BX-A56oj.js
[debug] [2025-10-27T17:54:53.692Z] [unzip] else mkdir: C:\Users\evagh\.cache\firebase\emulators\ui-v1.15.0\client\assets
[debug] [2025-10-27T17:54:53.692Z] [unzip] deflating: C:\Users\evagh\.cache\firebase\emulators\ui-v1.15.0\client\assets\index-BX-A56oj.js
[debug] [2025-10-27T17:54:53.708Z] [unzip] Entry: client/assets/index-CjB9C900.css (compressed_size=35979 bytes, uncompressed_size=298654 bytes)
[debug] [2025-10-27T17:54:53.708Z] [unzip] Processing entry: client\assets\index-CjB9C900.css
[debug] [2025-10-27T17:54:53.708Z] [unzip] else mkdir: C:\Users\evagh\.cache\firebase\emulators\ui-v1.15.0\client\assets
[debug] [2025-10-27T17:54:53.708Z] [unzip] deflating: C:\Users\evagh\.cache\firebase\emulators\ui-v1.15.0\client\assets\index-CjB9C900.css
[debug] [2025-10-27T17:54:53.712Z] [unzip] Entry: client/assets/index-BX-A56oj.js.map (compressed_size=2362482 bytes, uncompressed_size=10036679 bytes)
[debug] [2025-10-27T17:54:53.712Z] [unzip] Processing entry: client\assets\index-BX-A56oj.js.map
[debug] [2025-10-27T17:54:53.712Z] [unzip] else mkdir: C:\Users\evagh\.cache\firebase\emulators\ui-v1.15.0\client\assets
[debug] [2025-10-27T17:54:53.713Z] [unzip] deflating: C:\Users\evagh\.cache\firebase\emulators\ui-v1.15.0\client\assets\index-BX-A56oj.js.map
[debug] [2025-10-27T17:54:53.781Z] [unzip] Entry: client/assets/extensions/ (compressed_size=0 bytes, uncompressed_size=0 bytes)
[debug] [2025-10-27T17:54:53.781Z] [unzip] Processing entry: client\assets\extensions\
[debug] [2025-10-27T17:54:53.781Z] [unzip] mkdir: C:\Users\evagh\.cache\firebase\emulators\ui-v1.15.0\client\assets\extensions\
[debug] [2025-10-27T17:54:53.782Z] [unzip] Entry: client/assets/extensions/default-extension.png (compressed_size=1646 bytes, uncompressed_size=1657 bytes)
[debug] [2025-10-27T17:54:53.782Z] [unzip] Processing entry: client\assets\extensions\default-extension.png
[debug] [2025-10-27T17:54:53.782Z] [unzip] else mkdir: C:\Users\evagh\.cache\firebase\emulators\ui-v1.15.0\client\assets\extensions
[debug] [2025-10-27T17:54:53.782Z] [unzip] deflating: C:\Users\evagh\.cache\firebase\emulators\ui-v1.15.0\client\assets\extensions\default-extension.png
[debug] [2025-10-27T17:54:53.784Z] [unzip] Entry: client/assets/img/ (compressed_size=0 bytes, uncompressed_size=0 bytes)
[debug] [2025-10-27T17:54:53.784Z] [unzip] Processing entry: client\assets\img\
[debug] [2025-10-27T17:54:53.784Z] [unzip] mkdir: C:\Users\evagh\.cache\firebase\emulators\ui-v1.15.0\client\assets\img\
[debug] [2025-10-27T17:54:53.784Z] [unzip] Entry: client/assets/img/database.png (compressed_size=29449 bytes, uncompressed_size=29988 bytes)
[debug] [2025-10-27T17:54:53.784Z] [unzip] Processing entry: client\assets\img\database.png
[debug] [2025-10-27T17:54:53.784Z] [unzip] else mkdir: C:\Users\evagh\.cache\firebase\emulators\ui-v1.15.0\client\assets\img
[debug] [2025-10-27T17:54:53.785Z] [unzip] deflating: C:\Users\evagh\.cache\firebase\emulators\ui-v1.15.0\client\assets\img\database.png
[debug] [2025-10-27T17:54:53.786Z] [unzip] Entry: client/assets/provider-icons/ (compressed_size=0 bytes, uncompressed_size=0 bytes)
[debug] [2025-10-27T17:54:53.786Z] [unzip] Processing entry: client\assets\provider-icons\
[debug] [2025-10-27T17:54:53.786Z] [unzip] mkdir: C:\Users\evagh\.cache\firebase\emulators\ui-v1.15.0\client\assets\provider-icons\
[debug] [2025-10-27T17:54:53.787Z] [unzip] Entry: client/assets/provider-icons/auth_service_saml.svg (compressed_size=575 bytes, uncompressed_size=1226 bytes)
[debug] [2025-10-27T17:54:53.787Z] [unzip] Processing entry: client\assets\provider-icons\auth_service_saml.svg
[debug] [2025-10-27T17:54:53.787Z] [unzip] else mkdir: C:\Users\evagh\.cache\firebase\emulators\ui-v1.15.0\client\assets\provider-icons
[debug] [2025-10-27T17:54:53.787Z] [unzip] deflating: C:\Users\evagh\.cache\firebase\emulators\ui-v1.15.0\client\assets\provider-icons\auth_service_saml.svg
[debug] [2025-10-27T17:54:53.788Z] [unzip] Entry: client/assets/provider-icons/auth_service_phone.svg (compressed_size=261 bytes, uncompressed_size=414 bytes)
[debug] [2025-10-27T17:54:53.788Z] [unzip] Processing entry: client\assets\provider-icons\auth_service_phone.svg
[debug] [2025-10-27T17:54:53.788Z] [unzip] else mkdir: C:\Users\evagh\.cache\firebase\emulators\ui-v1.15.0\client\assets\provider-icons
[debug] [2025-10-27T17:54:53.789Z] [unzip] deflating: C:\Users\evagh\.cache\firebase\emulators\ui-v1.15.0\client\assets\provider-icons\auth_service_phone.svg
[debug] [2025-10-27T17:54:53.790Z] [unzip] Entry: client/assets/provider-icons/auth_service_facebook.svg (compressed_size=289 bytes, uncompressed_size=457 bytes)
[debug] [2025-10-27T17:54:53.790Z] [unzip] Processing entry: client\assets\provider-icons\auth_service_facebook.svg
[debug] [2025-10-27T17:54:53.790Z] [unzip] else mkdir: C:\Users\evagh\.cache\firebase\emulators\ui-v1.15.0\client\assets\provider-icons
[debug] [2025-10-27T17:54:53.790Z] [unzip] deflating: C:\Users\evagh\.cache\firebase\emulators\ui-v1.15.0\client\assets\provider-icons\auth_service_facebook.svg
[debug] [2025-10-27T17:54:53.792Z] [unzip] Entry: client/assets/provider-icons/auth_service_game_center.svg (compressed_size=991 bytes, uncompressed_size=3921 bytes)
[debug] [2025-10-27T17:54:53.792Z] [unzip] Processing entry: client\assets\provider-icons\auth_service_game_center.svg
[debug] [2025-10-27T17:54:53.792Z] [unzip] else mkdir: C:\Users\evagh\.cache\firebase\emulators\ui-v1.15.0\client\assets\provider-icons
[debug] [2025-10-27T17:54:53.792Z] [unzip] deflating: C:\Users\evagh\.cache\firebase\emulators\ui-v1.15.0\client\assets\provider-icons\auth_service_game_center.svg
[debug] [2025-10-27T17:54:53.794Z] [unzip] Entry: client/assets/provider-icons/auth_service_apple.svg (compressed_size=230 bytes, uncompressed_size=334 bytes)
[debug] [2025-10-27T17:54:53.794Z] [unzip] Processing entry: client\assets\provider-icons\auth_service_apple.svg
[debug] [2025-10-27T17:54:53.794Z] [unzip] else mkdir: C:\Users\evagh\.cache\firebase\emulators\ui-v1.15.0\client\assets\provider-icons
[debug] [2025-10-27T17:54:53.794Z] [unzip] deflating: C:\Users\evagh\.cache\firebase\emulators\ui-v1.15.0\client\assets\provider-icons\auth_service_apple.svg
[debug] [2025-10-27T17:54:53.795Z] [unzip] Entry: client/assets/provider-icons/auth_service_github.svg (compressed_size=466 bytes, uncompressed_size=838 bytes)
[debug] [2025-10-27T17:54:53.795Z] [unzip] Processing entry: client\assets\provider-icons\auth_service_github.svg
[debug] [2025-10-27T17:54:53.795Z] [unzip] else mkdir: C:\Users\evagh\.cache\firebase\emulators\ui-v1.15.0\client\assets\provider-icons
[debug] [2025-10-27T17:54:53.796Z] [unzip] deflating: C:\Users\evagh\.cache\firebase\emulators\ui-v1.15.0\client\assets\provider-icons\auth_service_github.svg
[debug] [2025-10-27T17:54:53.797Z] [unzip] Entry: client/assets/provider-icons/auth_service_mslive.svg (compressed_size=203 bytes, uncompressed_size=378 bytes)
[debug] [2025-10-27T17:54:53.797Z] [unzip] Processing entry: client\assets\provider-icons\auth_service_mslive.svg
[debug] [2025-10-27T17:54:53.797Z] [unzip] else mkdir: C:\Users\evagh\.cache\firebase\emulators\ui-v1.15.0\client\assets\provider-icons
[debug] [2025-10-27T17:54:53.797Z] [unzip] deflating: C:\Users\evagh\.cache\firebase\emulators\ui-v1.15.0\client\assets\provider-icons\auth_service_mslive.svg
[debug] [2025-10-27T17:54:53.799Z] [unzip] Entry: client/assets/provider-icons/auth_service_yahoo.svg (compressed_size=577 bytes, uncompressed_size=1182 bytes)
[debug] [2025-10-27T17:54:53.799Z] [unzip] Processing entry: client\assets\provider-icons\auth_service_yahoo.svg
[debug] [2025-10-27T17:54:53.799Z] [unzip] else mkdir: C:\Users\evagh\.cache\firebase\emulators\ui-v1.15.0\client\assets\provider-icons
[debug] [2025-10-27T17:54:53.799Z] [unzip] deflating: C:\Users\evagh\.cache\firebase\emulators\ui-v1.15.0\client\assets\provider-icons\auth_service_yahoo.svg
[debug] [2025-10-27T17:54:53.801Z] [unzip] Entry: client/assets/provider-icons/auth_service_twitter.svg (compressed_size=444 bytes, uncompressed_size=751 bytes)
[debug] [2025-10-27T17:54:53.801Z] [unzip] Processing entry: client\assets\provider-icons\auth_service_twitter.svg
[debug] [2025-10-27T17:54:53.801Z] [unzip] else mkdir: C:\Users\evagh\.cache\firebase\emulators\ui-v1.15.0\client\assets\provider-icons
[debug] [2025-10-27T17:54:53.801Z] [unzip] deflating: C:\Users\evagh\.cache\firebase\emulators\ui-v1.15.0\client\assets\provider-icons\auth_service_twitter.svg
[debug] [2025-10-27T17:54:53.802Z] [unzip] Entry: client/assets/provider-icons/auth_service_play_games.svg (compressed_size=565 bytes, uncompressed_size=1173 bytes)
[debug] [2025-10-27T17:54:53.802Z] [unzip] Processing entry: client\assets\provider-icons\auth_service_play_games.svg
[debug] [2025-10-27T17:54:53.802Z] [unzip] else mkdir: C:\Users\evagh\.cache\firebase\emulators\ui-v1.15.0\client\assets\provider-icons
[debug] [2025-10-27T17:54:53.803Z] [unzip] deflating: C:\Users\evagh\.cache\firebase\emulators\ui-v1.15.0\client\assets\provider-icons\auth_service_play_games.svg
[debug] [2025-10-27T17:54:53.804Z] [unzip] Entry: client/assets/provider-icons/auth_service_email.svg (compressed_size=228 bytes, uncompressed_size=326 bytes)
[debug] [2025-10-27T17:54:53.804Z] [unzip] Processing entry: client\assets\provider-icons\auth_service_email.svg
[debug] [2025-10-27T17:54:53.804Z] [unzip] else mkdir: C:\Users\evagh\.cache\firebase\emulators\ui-v1.15.0\client\assets\provider-icons
[debug] [2025-10-27T17:54:53.804Z] [unzip] deflating: C:\Users\evagh\.cache\firebase\emulators\ui-v1.15.0\client\assets\provider-icons\auth_service_email.svg
[debug] [2025-10-27T17:54:53.806Z] [unzip] Entry: client/assets/provider-icons/auth_service_google.svg (compressed_size=409 bytes, uncompressed_size=720 bytes)
[debug] [2025-10-27T17:54:53.806Z] [unzip] Processing entry: client\assets\provider-icons\auth_service_google.svg
[debug] [2025-10-27T17:54:53.806Z] [unzip] else mkdir: C:\Users\evagh\.cache\firebase\emulators\ui-v1.15.0\client\assets\provider-icons
[debug] [2025-10-27T17:54:53.807Z] [unzip] deflating: C:\Users\evagh\.cache\firebase\emulators\ui-v1.15.0\client\assets\provider-icons\auth_service_google.svg
[debug] [2025-10-27T17:54:53.808Z] [unzip] Entry: client/assets/provider-icons/auth_service_oidc.svg (compressed_size=414 bytes, uncompressed_size=858 bytes)
[debug] [2025-10-27T17:54:53.808Z] [unzip] Processing entry: client\assets\provider-icons\auth_service_oidc.svg
[debug] [2025-10-27T17:54:53.808Z] [unzip] else mkdir: C:\Users\evagh\.cache\firebase\emulators\ui-v1.15.0\client\assets\provider-icons
[debug] [2025-10-27T17:54:53.808Z] [unzip] deflating: C:\Users\evagh\.cache\firebase\emulators\ui-v1.15.0\client\assets\provider-icons\auth_service_oidc.svg
[debug] [2025-10-27T17:54:53.810Z] [unzip] Entry: client/browserconfig.xml (compressed_size=491 bytes, uncompressed_size=822 bytes)
[debug] [2025-10-27T17:54:53.810Z] [unzip] Processing entry: client\browserconfig.xml
[debug] [2025-10-27T17:54:53.810Z] [unzip] else mkdir: C:\Users\evagh\.cache\firebase\emulators\ui-v1.15.0\client
[debug] [2025-10-27T17:54:53.810Z] [unzip] deflating: C:\Users\evagh\.cache\firebase\emulators\ui-v1.15.0\client\browserconfig.xml
[debug] [2025-10-27T17:54:53.811Z] [unzip] Entry: client/favicon-32x32.png (compressed_size=475 bytes, uncompressed_size=475 bytes)
[debug] [2025-10-27T17:54:53.812Z] [unzip] Processing entry: client\favicon-32x32.png
[debug] [2025-10-27T17:54:53.812Z] [unzip] else mkdir: C:\Users\evagh\.cache\firebase\emulators\ui-v1.15.0\client
[debug] [2025-10-27T17:54:53.812Z] [unzip] Writing file: C:\Users\evagh\.cache\firebase\emulators\ui-v1.15.0\client\favicon-32x32.png
[debug] [2025-10-27T17:54:53.813Z] [unzip] Entry: server/ (compressed_size=0 bytes, uncompressed_size=0 bytes)
[debug] [2025-10-27T17:54:53.813Z] [unzip] Processing entry: server\
[debug] [2025-10-27T17:54:53.813Z] [unzip] mkdir: C:\Users\evagh\.cache\firebase\emulators\ui-v1.15.0\server\
[debug] [2025-10-27T17:54:53.814Z] [unzip] Entry: server/server.mjs.map (compressed_size=217845 bytes, uncompressed_size=944978 bytes)
[debug] [2025-10-27T17:54:53.814Z] [unzip] Processing entry: server\server.mjs.map
[debug] [2025-10-27T17:54:53.814Z] [unzip] else mkdir: C:\Users\evagh\.cache\firebase\emulators\ui-v1.15.0\server
[debug] [2025-10-27T17:54:53.815Z] [unzip] deflating: C:\Users\evagh\.cache\firebase\emulators\ui-v1.15.0\server\server.mjs.map
[debug] [2025-10-27T17:54:53.821Z] [unzip] Entry: server/server.mjs (compressed_size=276407 bytes, uncompressed_size=933701 bytes)
[debug] [2025-10-27T17:54:53.821Z] [unzip] Processing entry: server\server.mjs
[debug] [2025-10-27T17:54:53.822Z] [unzip] else mkdir: C:\Users\evagh\.cache\firebase\emulators\ui-v1.15.0\server
[debug] [2025-10-27T17:54:53.822Z] [unzip] deflating: C:\Users\evagh\.cache\firebase\emulators\ui-v1.15.0\server\server.mjs
[debug] [2025-10-27T17:54:53.841Z] Could not find VSCode notification endpoint: FetchError: request to http://localhost:40001/vscode/notify failed, reason: . If you are not running the Firebase Data Connect VSCode extension, this is expected and not an issue.
[info] 
┌─────────────────────────────────────────────────────────────┐
│ ✔  All emulators ready! It is now safe to connect your app. │
│ i  View Emulator UI at http://127.0.0.1:4000/               │
└─────────────────────────────────────────────────────────────┘

┌───────────┬────────────────┬─────────────────────────────────┐
│ Emulator  │ Host:Port      │ View in Emulator UI             │
├───────────┼────────────────┼─────────────────────────────────┤
│ Firestore │ 127.0.0.1:8080 │ http://127.0.0.1:4000/firestore │
└───────────┴────────────────┴─────────────────────────────────┘
  Emulator Hub host: 127.0.0.1 port: 4400
  Other reserved ports: 4500, 9150

Issues? Report them at https://github.com/firebase/firebase-tools/issues and attach the *-debug.log files.
 
[debug] [2025-10-27T17:57:52.605Z] Received signal SIGHUP 1
[info]  
[info] i  emulators: Received SIGHUP for the first time. Starting a clean shutdown. 
[info] i  emulators: Please wait for a clean shutdown or send the SIGHUP signal again to stop right now. 
[info] i  emulators: Shutting down emulators. {"metadata":{"emulator":{"name":"hub"},"message":"Shutting down emulators."}}
[info] i  ui: Stopping Emulator UI {"metadata":{"emulator":{"name":"ui"},"message":"Stopping Emulator UI"}}
[info] i  firestore: Stopping Firestore Emulator {"metadata":{"emulator":{"name":"firestore"},"message":"Stopping Firestore Emulator"}}
[warn] !  Firestore Emulator has exited upon receiving signal: SIGKILL 
[info] i  hub: Stopping emulator hub {"metadata":{"emulator":{"name":"hub"},"message":"Stopping emulator hub"}}
[debug] [2025-10-27T17:57:52.615Z] Emulator locator file path: C:\Users\evagh\AppData\Local\Temp\hub-android-logreg.json
[info] i  logging: Stopping Logging Emulator {"metadata":{"emulator":{"name":"logging"},"message":"Stopping Logging Emulator"}}
[debug] [2025-10-27T17:57:52.619Z] Could not find VSCode notification endpoint: FetchError: request to http://localhost:40001/vscode/notify failed, reason: . If you are not running the Firebase Data Connect VSCode extension, this is expected and not an issue.
